<?xml version="1.0" encoding="UTF-8"?>
<!-- Generated by org.testng.reporters.JUnitReportReporter -->
<testsuite hostname="japneet-VirtualBox" failures="0" tests="1" name="mavendemo.App_Check_Registration" time="3.199" errors="0" timestamp="2022-03-25T17:47:57 IST" skipped="0">
  <testcase classname="mavendemo.App_Check_Registration" name="test" time="3.199"/>
  <system-out/>
</testsuite> <!-- mavendemo.App_Check_Registration -->
