<?xml version="1.0" encoding="UTF-8"?>
<!-- Generated by org.testng.reporters.JUnitReportReporter -->
<testsuite hostname="japneet-VirtualBox" failures="0" tests="1" name="mavendemo.App_Check_Login" time="1.740" errors="0" timestamp="2022-03-06T22:09:37 IST" skipped="0">
  <testcase classname="mavendemo.App_Check_Login" name="test" time="1.740"/>
  <system-out/>
</testsuite> <!-- mavendemo.App_Check_Login -->
