<?xml version="1.0" encoding="UTF-8"?>
<!-- Generated by org.testng.reporters.JUnitReportReporter -->
<testsuite hostname="japneet-VirtualBox" failures="0" tests="1" name="mavendemo.TestClass" time="18.400" errors="0" timestamp="2022-03-06T22:09:37 IST" skipped="0">
  <testcase classname="mavendemo.TestClass" name="testScript" time="18.400"/>
  <system-out/>
</testsuite> <!-- mavendemo.TestClass -->
