<?xml version="1.0" encoding="UTF-8"?>
<!-- Generated by org.testng.reporters.JUnitReportReporter -->
<testsuite hostname="japneet-VirtualBox" failures="0" tests="1" name="mavendemo.TestClass" time="20.507" errors="0" timestamp="2022-03-08T23:44:17 IST" skipped="0">
  <testcase classname="mavendemo.TestClass" name="testScript" time="20.507"/>
  <system-out/>
</testsuite> <!-- mavendemo.TestClass -->
