<?xml version="1.0" encoding="UTF-8"?>
<!-- Generated by org.testng.reporters.JUnitReportReporter -->
<testsuite hostname="japneet-VirtualBox" failures="0" tests="1" name="mavendemo.App_Check_Registration" time="0.739" errors="0" timestamp="2022-03-07T01:19:22 IST" skipped="0">
  <testcase classname="mavendemo.App_Check_Registration" name="test" time="0.739"/>
  <system-out/>
</testsuite> <!-- mavendemo.App_Check_Registration -->
