<?xml version="1.0" encoding="UTF-8"?>
<!-- Generated by org.testng.reporters.JUnitReportReporter -->
<testsuite hostname="japneet-VirtualBox" failures="0" tests="1" name="mavendemo.App_Check_Login_Fail" time="0.606" errors="0" timestamp="2022-03-08T23:44:17 IST" skipped="0">
  <testcase classname="mavendemo.App_Check_Login_Fail" name="test" time="0.606"/>
  <system-out/>
</testsuite> <!-- mavendemo.App_Check_Login_Fail -->
