<?xml version="1.0" encoding="UTF-8"?>
<!-- Generated by org.testng.reporters.JUnitReportReporter -->
<testsuite hostname="japneet-VirtualBox" failures="0" tests="1" name="mavendemo.TestClass" time="17.966" errors="0" timestamp="2022-03-07T01:19:22 IST" skipped="0">
  <testcase classname="mavendemo.TestClass" name="testScript" time="17.966"/>
  <system-out/>
</testsuite> <!-- mavendemo.TestClass -->
