<?xml version="1.0" encoding="UTF-8"?>
<!-- Generated by org.testng.reporters.JUnitReportReporter -->
<testsuite hostname="japneet-VirtualBox" failures="0" tests="1" name="mavendemo.TestGetURL" time="1.399" errors="0" timestamp="2022-03-08T23:44:17 IST" skipped="0">
  <testcase classname="mavendemo.TestGetURL" name="test" time="1.399"/>
  <system-out/>
</testsuite> <!-- mavendemo.TestGetURL -->
